[debug] [2026-04-20T06:59:08.434Z] ----------------------------------------------------------------------
[debug] [2026-04-20T06:59:08.439Z] Command:       /Users/abdurrohman/.nvm/versions/node/v22.14.0/bin/node /Users/abdurrohman/.nvm/versions/node/v22.14.0/bin/firebase init
[debug] [2026-04-20T06:59:08.439Z] CLI Version:   15.15.0
[debug] [2026-04-20T06:59:08.439Z] Platform:      darwin
[debug] [2026-04-20T06:59:08.440Z] Node Version:  v22.14.0
[debug] [2026-04-20T06:59:08.440Z] Time:          Mon Apr 20 2026 13:59:08 GMT+0700 (Western Indonesia Time)
[debug] [2026-04-20T06:59:08.440Z] ----------------------------------------------------------------------
[debug] 
[debug] [2026-04-20T06:59:08.441Z] >>> [apiv2][query] GET https://firebase-public.firebaseio.com/cli.json [none]
[info] 
     ######## #### ########  ######## ########     ###     ######  ########
     ##        ##  ##     ## ##       ##     ##  ##   ##  ##       ##
     ######    ##  ########  ######   ########  #########  ######  ######
     ##        ##  ##    ##  ##       ##     ## ##     ##       ## ##
     ##       #### ##     ## ######## ########  ##     ##  ######  ########

You're about to initialize a Firebase project in this directory:

  /Users/abdurrohman/Documents/magang

[debug] [2026-04-20T06:59:09.533Z] <<< [apiv2][status] GET https://firebase-public.firebaseio.com/cli.json 200
[debug] [2026-04-20T06:59:09.533Z] <<< [apiv2][body] GET https://firebase-public.firebaseio.com/cli.json {"cloudBuildErrorAfter":1594252800000,"cloudBuildWarnAfter":1590019200000,"defaultNode10After":1594252800000,"minVersion":"3.0.5","node8DeploysDisabledAfter":1613390400000,"node8RuntimeDisabledAfter":1615809600000,"node8WarnAfter":1600128000000}
[debug] [2026-04-20T07:18:02.758Z] ExitPromptError: User force closed the prompt with SIGINT
    at Interface.sigint (/Users/abdurrohman/.nvm/versions/node/v22.14.0/lib/node_modules/firebase-tools/node_modules/@inquirer/core/dist/commonjs/lib/create-prompt.js:101:37)
    at Interface.emit (node:events:518:28)
    at [_ttyWrite] [as _ttyWrite] (node:internal/readline/interface:1124:18)
    at ReadStream.onkeypress (node:internal/readline/interface:263:20)
    at ReadStream.emit (node:events:530:35)
    at emitKeys (node:internal/readline/utils:370:14)
    at emitKeys.next (<anonymous>)
    at ReadStream.onData (node:internal/readline/emitKeypressEvents:64:36)
    at ReadStream.emit (node:events:518:28)
    at addChunk (node:internal/streams/readable:561:12)
[error] 
[error] Error: An unexpected error has occurred.
